CRITICAL - 2023-03-27 15:21:20 --> Undefined variable $departamentos
in APPPATH\Views\municipios\municipios.php on line 83.
 1 APPPATH\Views\municipios\municipios.php(83): CodeIgniter\Debug\Exceptions->errorHandler(2, 'Undefined variable $departamentos', 'APPPATH\\Views\\municipios\\municipios.php', 83)
 2 SYSTEMPATH\View\View.php(213): include('APPPATH\\Views\\municipios\\municipios.php')
 3 SYSTEMPATH\View\View.php(216): CodeIgniter\View\View->CodeIgniter\View\{closure}()
 4 SYSTEMPATH\Common.php(1184): CodeIgniter\View\View->render('/municipios/municipios', [], true)
 5 APPPATH\Controllers\Municipios.php(28): view('/municipios/municipios', [...])
 6 SYSTEMPATH\CodeIgniter.php(934): App\Controllers\Municipios->index()
 7 SYSTEMPATH\CodeIgniter.php(499): CodeIgniter\CodeIgniter->runController(Object(App\Controllers\Municipios))
 8 SYSTEMPATH\CodeIgniter.php(368): CodeIgniter\CodeIgniter->handleRequest(null, Object(Config\Cache), false)
 9 FCPATH\index.php(67): CodeIgniter\CodeIgniter->run()
CRITICAL - 2023-03-27 15:21:21 --> Undefined variable $departamentos
in APPPATH\Views\municipios\municipios.php on line 83.
 1 APPPATH\Views\municipios\municipios.php(83): CodeIgniter\Debug\Exceptions->errorHandler(2, 'Undefined variable $departamentos', 'APPPATH\\Views\\municipios\\municipios.php', 83)
 2 SYSTEMPATH\View\View.php(213): include('APPPATH\\Views\\municipios\\municipios.php')
 3 SYSTEMPATH\View\View.php(216): CodeIgniter\View\View->CodeIgniter\View\{closure}()
 4 SYSTEMPATH\Common.php(1184): CodeIgniter\View\View->render('/municipios/municipios', [], true)
 5 APPPATH\Controllers\Municipios.php(28): view('/municipios/municipios', [...])
 6 SYSTEMPATH\CodeIgniter.php(934): App\Controllers\Municipios->index()
 7 SYSTEMPATH\CodeIgniter.php(499): CodeIgniter\CodeIgniter->runController(Object(App\Controllers\Municipios))
 8 SYSTEMPATH\CodeIgniter.php(368): CodeIgniter\CodeIgniter->handleRequest(null, Object(Config\Cache), false)
 9 FCPATH\index.php(67): CodeIgniter\CodeIgniter->run()
CRITICAL - 2023-03-27 15:21:27 --> Undefined variable $departamentos
in APPPATH\Views\municipios\municipios.php on line 83.
 1 APPPATH\Views\municipios\municipios.php(83): CodeIgniter\Debug\Exceptions->errorHandler(2, 'Undefined variable $departamentos', 'APPPATH\\Views\\municipios\\municipios.php', 83)
 2 SYSTEMPATH\View\View.php(213): include('APPPATH\\Views\\municipios\\municipios.php')
 3 SYSTEMPATH\View\View.php(216): CodeIgniter\View\View->CodeIgniter\View\{closure}()
 4 SYSTEMPATH\Common.php(1184): CodeIgniter\View\View->render('/municipios/municipios', [], true)
 5 APPPATH\Controllers\Municipios.php(28): view('/municipios/municipios', [...])
 6 SYSTEMPATH\CodeIgniter.php(934): App\Controllers\Municipios->index()
 7 SYSTEMPATH\CodeIgniter.php(499): CodeIgniter\CodeIgniter->runController(Object(App\Controllers\Municipios))
 8 SYSTEMPATH\CodeIgniter.php(368): CodeIgniter\CodeIgniter->handleRequest(null, Object(Config\Cache), false)
 9 FCPATH\index.php(67): CodeIgniter\CodeIgniter->run()
CRITICAL - 2023-03-27 15:21:48 --> Undefined variable $departamentos
in APPPATH\Views\municipios\municipios.php on line 83.
 1 APPPATH\Views\municipios\municipios.php(83): CodeIgniter\Debug\Exceptions->errorHandler(2, 'Undefined variable $departamentos', 'APPPATH\\Views\\municipios\\municipios.php', 83)
 2 SYSTEMPATH\View\View.php(213): include('APPPATH\\Views\\municipios\\municipios.php')
 3 SYSTEMPATH\View\View.php(216): CodeIgniter\View\View->CodeIgniter\View\{closure}()
 4 SYSTEMPATH\Common.php(1184): CodeIgniter\View\View->render('/municipios/municipios', [], true)
 5 APPPATH\Controllers\Municipios.php(28): view('/municipios/municipios', [...])
 6 SYSTEMPATH\CodeIgniter.php(934): App\Controllers\Municipios->index()
 7 SYSTEMPATH\CodeIgniter.php(499): CodeIgniter\CodeIgniter->runController(Object(App\Controllers\Municipios))
 8 SYSTEMPATH\CodeIgniter.php(368): CodeIgniter\CodeIgniter->handleRequest(null, Object(Config\Cache), false)
 9 FCPATH\index.php(67): CodeIgniter\CodeIgniter->run()
